This is pdfTeX, Version 3.14159265-2.6-1.40.17 (TeX Live 2016/W32TeX) (preloaded format=pdflatex 2017.3.22)  22 MAY 2018 21:01
entering extended mode
 restricted \write18 enabled.
 %&-line parsing enabled.
**./face_tracker.tex
(./face_tracker.tex
LaTeX2e <2017/01/01> patch level 3
Babel <3.9r> and hyphenation patterns for 83 language(s) loaded.
(d:/OneDrive/Tools/Environments/texlive/texmf-dist/tex/latex/base/article.cls
Document Class: article 2014/09/29 v1.4h Standard LaTeX document class
(d:/OneDrive/Tools/Environments/texlive/texmf-dist/tex/latex/base/size10.clo
File: size10.clo 2014/09/29 v1.4h Standard LaTeX file (size option)
)
\c@part=\count79
\c@section=\count80
\c@subsection=\count81
\c@subsubsection=\count82
\c@paragraph=\count83
\c@subparagraph=\count84
\c@figure=\count85
\c@table=\count86
\abovecaptionskip=\skip41
\belowcaptionskip=\skip42
\bibindent=\dimen102
)
(d:/OneDrive/Tools/Environments/texlive/texmf-dist/tex/latex/amsmath/amsmath.st
y
Package: amsmath 2016/11/05 v2.16a AMS math features
\@mathmargin=\skip43

For additional information on amsmath, use the `?' option.

(d:/OneDrive/Tools/Environments/texlive/texmf-dist/tex/latex/amsmath/amstext.st
y
Package: amstext 2000/06/29 v2.01 AMS text

(d:/OneDrive/Tools/Environments/texlive/texmf-dist/tex/latex/amsmath/amsgen.sty
File: amsgen.sty 1999/11/30 v2.0 generic functions
\@emptytoks=\toks14
\ex@=\dimen103
))
(d:/OneDrive/Tools/Environments/texlive/texmf-dist/tex/latex/amsmath/amsbsy.sty
Package: amsbsy 1999/11/29 v1.2d Bold Symbols
\pmbraise@=\dimen104
)
(d:/OneDrive/Tools/Environments/texlive/texmf-dist/tex/latex/amsmath/amsopn.sty
Package: amsopn 2016/03/08 v2.02 operator names
)
\inf@bad=\count87
LaTeX Info: Redefining \frac on input line 213.
\uproot@=\count88
\leftroot@=\count89
LaTeX Info: Redefining \overline on input line 375.
\classnum@=\count90
\DOTSCASE@=\count91
LaTeX Info: Redefining \ldots on input line 472.
LaTeX Info: Redefining \dots on input line 475.
LaTeX Info: Redefining \cdots on input line 596.
\Mathstrutbox@=\box26
\strutbox@=\box27
\big@size=\dimen105
LaTeX Font Info:    Redeclaring font encoding OML on input line 712.
LaTeX Font Info:    Redeclaring font encoding OMS on input line 713.
\macc@depth=\count92
\c@MaxMatrixCols=\count93
\dotsspace@=\muskip10
\c@parentequation=\count94
\dspbrk@lvl=\count95
\tag@help=\toks15
\row@=\count96
\column@=\count97
\maxfields@=\count98
\andhelp@=\toks16
\eqnshift@=\dimen106
\alignsep@=\dimen107
\tagshift@=\dimen108
\tagwidth@=\dimen109
\totwidth@=\dimen110
\lineht@=\dimen111
\@envbody=\toks17
\multlinegap=\skip44
\multlinetaggap=\skip45
\mathdisplay@stack=\toks18
LaTeX Info: Redefining \[ on input line 2817.
LaTeX Info: Redefining \] on input line 2818.
)
(d:/OneDrive/Tools/Environments/texlive/texmf-dist/tex/latex/comment/comment.st
y
\CommentStream=\write3
 Excluding comment 'comment')
(d:/OneDrive/Tools/Environments/texlive/texmf-dist/tex/latex/datetime/datetime.
sty
Package: datetime 2015/03/20 v2.60 Date Time Package

(d:/OneDrive/Tools/Environments/texlive/texmf-dist/tex/latex/etoolbox/etoolbox.
sty
Package: etoolbox 2017/01/02 v2.4 e-TeX tools for LaTeX (JAW)
\etb@tempcnta=\count99
)
(d:/OneDrive/Tools/Environments/texlive/texmf-dist/tex/latex/fmtcount/fmtcount.
sty
Package: fmtcount 2015/05/05 v3.01

(d:/OneDrive/Tools/Environments/texlive/texmf-dist/tex/latex/base/ifthen.sty
Package: ifthen 2014/09/29 v1.1c Standard LaTeX ifthen package (DPC)
)
(d:/OneDrive/Tools/Environments/texlive/texmf-dist/tex/latex/xkeyval/xkeyval.st
y
Package: xkeyval 2014/12/03 v2.7a package option processing (HA)

(d:/OneDrive/Tools/Environments/texlive/texmf-dist/tex/generic/xkeyval/xkeyval.
tex
(d:/OneDrive/Tools/Environments/texlive/texmf-dist/tex/generic/xkeyval/xkvutils
.tex
\XKV@toks=\toks19
\XKV@tempa@toks=\toks20

(d:/OneDrive/Tools/Environments/texlive/texmf-dist/tex/generic/xkeyval/keyval.t
ex))
\XKV@depth=\count100
File: xkeyval.tex 2014/12/03 v2.7a key=value parser (HA)
))
(d:/OneDrive/Tools/Environments/texlive/texmf-dist/tex/latex/fmtcount/fcprefix.
sty
Package: fcprefix 2012/09/28

(d:/OneDrive/Tools/Environments/texlive/texmf-dist/tex/latex/fmtcount/fcnumpars
er.sty
Package: fcnumparser 2012/09/28
\fc@digit@counter=\count101
))
(d:/OneDrive/Tools/Environments/texlive/texmf-dist/tex/generic/ifxetex/ifxetex.
sty
Package: ifxetex 2010/09/12 v0.6 Provides ifxetex conditional
)
\c@padzeroesN=\count102
\fc@tmpcatcode=\count103
\@DT@modctr=\count104
\@ordinalctr=\count105
\@orgargctr=\count106
\@strctr=\count107
\@tmpstrctr=\count108
\@DT@loopN=\count109
\@DT@X=\count110

(d:/OneDrive/Tools/Environments/texlive/texmf-dist/tex/latex/fmtcount/fc-englis
h.def
File: fc-english.def 2013/08/17
))
(d:/OneDrive/Tools/Environments/texlive/texmf-dist/tex/latex/datetime/datetime-
defaults.sty
Package: datetime-defaults 2013/09/10
)
\@day=\count111
\@month=\count112
\@year=\count113
\c@HOUR=\count114
\c@HOURXII=\count115
\c@MINUTE=\count116
\c@TOHOUR=\count117
\c@TOMINUTE=\count118
\c@SECOND=\count119
\currenthour=\count120
\currentminute=\count121
\currentsecond=\count122
Package datetime Info: No datetime.cfg file found, using default settings on in
put line 308.
\@dtctr=\count123
\dayofyear=\count124
\dayofweek=\count125
LaTeX Info: Redefining \today on input line 736.
\dt@a=\toks21
\dt@b=\toks22
)
(d:/OneDrive/Tools/Environments/texlive/texmf-dist/tex/latex/tools/verbatim.sty
Package: verbatim 2014/10/28 v1.5q LaTeX2e package for verbatim enhancements
\every@verbatim=\toks23
\verbatim@line=\toks24
\verbatim@in@stream=\read1
)
(d:/OneDrive/Tools/Environments/texlive/texmf-dist/tex/latex/geometry/geometry.
sty
Package: geometry 2010/09/12 v5.6 Page Geometry

(d:/OneDrive/Tools/Environments/texlive/texmf-dist/tex/generic/oberdiek/ifpdf.s
ty
Package: ifpdf 2016/05/14 v3.1 Provides the ifpdf switch
)
(d:/OneDrive/Tools/Environments/texlive/texmf-dist/tex/generic/oberdiek/ifvtex.
sty
Package: ifvtex 2016/05/16 v1.6 Detect VTeX and its facilities (HO)
Package ifvtex Info: VTeX not detected.
)
\Gm@cnth=\count126
\Gm@cntv=\count127
\c@Gm@tempcnt=\count128
\Gm@bindingoffset=\dimen112
\Gm@wd@mp=\dimen113
\Gm@odd@mp=\dimen114
\Gm@even@mp=\dimen115
\Gm@layoutwidth=\dimen116
\Gm@layoutheight=\dimen117
\Gm@layouthoffset=\dimen118
\Gm@layoutvoffset=\dimen119
\Gm@dimlist=\toks25
)
(d:/OneDrive/Tools/Environments/texlive/texmf-dist/tex/latex/enumitem/enumitem.
sty
Package: enumitem 2011/09/28 v3.5.2 Customized lists
\enitkv@toks@=\toks26
\labelindent=\skip46
\enit@outerparindent=\dimen120
\enit@toks=\toks27
\enit@inbox=\box28
\enitdp@description=\count129
)
(d:/OneDrive/Tools/Environments/texlive/texmf-dist/tex/latex/listings/listings.
sty
\lst@mode=\count130
\lst@gtempboxa=\box29
\lst@token=\toks28
\lst@length=\count131
\lst@currlwidth=\dimen121
\lst@column=\count132
\lst@pos=\count133
\lst@lostspace=\dimen122
\lst@width=\dimen123
\lst@newlines=\count134
\lst@lineno=\count135
\lst@maxwidth=\dimen124

(d:/OneDrive/Tools/Environments/texlive/texmf-dist/tex/latex/listings/lstmisc.s
ty
File: lstmisc.sty 2015/06/04 1.6 (Carsten Heinz)
\c@lstnumber=\count136
\lst@skipnumbers=\count137
\lst@framebox=\box30
)
(d:/OneDrive/Tools/Environments/texlive/texmf-dist/tex/latex/listings/listings.
cfg
File: listings.cfg 2015/06/04 1.6 listings configuration
))
Package: listings 2015/06/04 1.6 (Carsten Heinz)

(d:/OneDrive/Tools/Environments/texlive/texmf-dist/tex/latex/graphics/color.sty
Package: color 2016/07/10 v1.1e Standard LaTeX Color (DPC)

(d:/OneDrive/Tools/Environments/texlive/texmf-dist/tex/latex/graphics-cfg/color
.cfg
File: color.cfg 2016/01/02 v1.6 sample color configuration
)
Package color Info: Driver file: pdftex.def on input line 147.

(d:/OneDrive/Tools/Environments/texlive/texmf-dist/tex/latex/graphics-def/pdfte
x.def
File: pdftex.def 2017/01/12 v0.06k Graphics/color for pdfTeX

(d:/OneDrive/Tools/Environments/texlive/texmf-dist/tex/generic/oberdiek/infware
rr.sty
Package: infwarerr 2016/05/16 v1.4 Providing info/warning/error messages (HO)
)
(d:/OneDrive/Tools/Environments/texlive/texmf-dist/tex/generic/oberdiek/ltxcmds
.sty
Package: ltxcmds 2016/05/16 v1.23 LaTeX kernel commands for general use (HO)
)
\Gread@gobject=\count138
))
(d:/OneDrive/Tools/Environments/texlive/texmf-dist/tex/latex/listings/lstlang1.
sty
File: lstlang1.sty 2015/06/04 1.6 listings language file
)
(d:/OneDrive/Tools/Environments/texlive/texmf-dist/tex/latex/graphics/graphicx.
sty
Package: graphicx 2014/10/28 v1.0g Enhanced LaTeX Graphics (DPC,SPQR)

(d:/OneDrive/Tools/Environments/texlive/texmf-dist/tex/latex/graphics/graphics.
sty
Package: graphics 2016/10/09 v1.0u Standard LaTeX Graphics (DPC,SPQR)

(d:/OneDrive/Tools/Environments/texlive/texmf-dist/tex/latex/graphics/trig.sty
Package: trig 2016/01/03 v1.10 sin cos tan (DPC)
)
(d:/OneDrive/Tools/Environments/texlive/texmf-dist/tex/latex/graphics-cfg/graph
ics.cfg
File: graphics.cfg 2016/06/04 v1.11 sample graphics configuration
)
Package graphics Info: Driver file: pdftex.def on input line 99.
)
\Gin@req@height=\dimen125
\Gin@req@width=\dimen126
)
(d:/OneDrive/Tools/Environments/texlive/texmf-dist/tex/latex/subfig/subfig.sty
Package: subfig 2005/06/28 ver: 1.3 subfig package

(d:/OneDrive/Tools/Environments/texlive/texmf-dist/tex/latex/caption/caption.st
y
Package: caption 2016/02/21 v3.3-144 Customizing captions (AR)

(d:/OneDrive/Tools/Environments/texlive/texmf-dist/tex/latex/caption/caption3.s
ty
Package: caption3 2016/05/22 v1.7-166 caption3 kernel (AR)
Package caption3 Info: TeX engine: e-TeX on input line 67.
\captionmargin=\dimen127
\captionmargin@=\dimen128
\captionwidth=\dimen129
\caption@tempdima=\dimen130
\caption@indent=\dimen131
\caption@parindent=\dimen132
\caption@hangindent=\dimen133
)
\c@ContinuedFloat=\count139
Package caption Info: listings package is loaded.
)
\c@KVtest=\count140
\sf@farskip=\skip47
\sf@captopadj=\dimen134
\sf@capskip=\skip48
\sf@nearskip=\skip49
\c@subfigure=\count141
\c@subfigure@save=\count142
\c@lofdepth=\count143
\c@subtable=\count144
\c@subtable@save=\count145
\c@lotdepth=\count146
\sf@top=\skip50
\sf@bottom=\skip51
)
(d:/OneDrive/Tools/Environments/texlive/texmf-dist/tex/latex/hyperref/hyperref.
sty
Package: hyperref 2017/03/14 v6.85a Hypertext links for LaTeX

(d:/OneDrive/Tools/Environments/texlive/texmf-dist/tex/generic/oberdiek/hobsub-
hyperref.sty
Package: hobsub-hyperref 2016/05/16 v1.14 Bundle oberdiek, subset hyperref (HO)


(d:/OneDrive/Tools/Environments/texlive/texmf-dist/tex/generic/oberdiek/hobsub-
generic.sty
Package: hobsub-generic 2016/05/16 v1.14 Bundle oberdiek, subset generic (HO)
Package: hobsub 2016/05/16 v1.14 Construct package bundles (HO)
Package hobsub Info: Skipping package `infwarerr' (already loaded).
Package hobsub Info: Skipping package `ltxcmds' (already loaded).
Package: ifluatex 2016/05/16 v1.4 Provides the ifluatex switch (HO)
Package ifluatex Info: LuaTeX not detected.
Package hobsub Info: Skipping package `ifvtex' (already loaded).
Package: intcalc 2016/05/16 v1.2 Expandable calculations with integers (HO)
Package hobsub Info: Skipping package `ifpdf' (already loaded).
Package: etexcmds 2016/05/16 v1.6 Avoid name clashes with e-TeX commands (HO)
Package etexcmds Info: Could not find \expanded.
(etexcmds)             That can mean that you are not using pdfTeX 1.50 or
(etexcmds)             that some package has redefined \expanded.
(etexcmds)             In the latter case, load this package earlier.
Package: kvsetkeys 2016/05/16 v1.17 Key value parser (HO)
Package: kvdefinekeys 2016/05/16 v1.4 Define keys (HO)
Package: pdftexcmds 2016/05/21 v0.22 Utility functions of pdfTeX for LuaTeX (HO
)
Package pdftexcmds Info: LuaTeX not detected.
Package pdftexcmds Info: \pdf@primitive is available.
Package pdftexcmds Info: \pdf@ifprimitive is available.
Package pdftexcmds Info: \pdfdraftmode found.
Package: pdfescape 2016/05/16 v1.14 Implements pdfTeX's escape features (HO)
Package: bigintcalc 2016/05/16 v1.4 Expandable calculations on big integers (HO
)
Package: bitset 2016/05/16 v1.2 Handle bit-vector datatype (HO)
Package: uniquecounter 2016/05/16 v1.3 Provide unlimited unique counter (HO)
)
Package hobsub Info: Skipping package `hobsub' (already loaded).
Package: letltxmacro 2016/05/16 v1.5 Let assignment for LaTeX macros (HO)
Package: hopatch 2016/05/16 v1.3 Wrapper for package hooks (HO)
Package: xcolor-patch 2016/05/16 xcolor patch
Package: atveryend 2016/05/16 v1.9 Hooks at the very end of document (HO)
Package: atbegshi 2016/06/09 v1.18 At begin shipout hook (HO)
Package: refcount 2016/05/16 v3.5 Data extraction from label references (HO)
Package: hycolor 2016/05/16 v1.8 Color options for hyperref/bookmark (HO)
)
(d:/OneDrive/Tools/Environments/texlive/texmf-dist/tex/latex/oberdiek/auxhook.s
ty
Package: auxhook 2016/05/16 v1.4 Hooks for auxiliary files (HO)
)
(d:/OneDrive/Tools/Environments/texlive/texmf-dist/tex/latex/oberdiek/kvoptions
.sty
Package: kvoptions 2016/05/16 v3.12 Key value format for package options (HO)
)
\@linkdim=\dimen135
\Hy@linkcounter=\count147
\Hy@pagecounter=\count148

(d:/OneDrive/Tools/Environments/texlive/texmf-dist/tex/latex/hyperref/pd1enc.de
f
File: pd1enc.def 2017/03/14 v6.85a Hyperref: PDFDocEncoding definition (HO)
)
\Hy@SavedSpaceFactor=\count149

(d:/OneDrive/Tools/Environments/texlive/texmf-dist/tex/latex/latexconfig/hyperr
ef.cfg
File: hyperref.cfg 2002/06/06 v1.2 hyperref configuration of TeXLive
)
Package hyperref Info: Hyper figures OFF on input line 4498.
Package hyperref Info: Link nesting OFF on input line 4503.
Package hyperref Info: Hyper index ON on input line 4506.
Package hyperref Info: Plain pages OFF on input line 4513.
Package hyperref Info: Backreferencing OFF on input line 4518.
Package hyperref Info: Implicit mode ON; LaTeX internals redefined.
Package hyperref Info: Bookmarks ON on input line 4751.
\c@Hy@tempcnt=\count150

(d:/OneDrive/Tools/Environments/texlive/texmf-dist/tex/latex/url/url.sty
\Urlmuskip=\muskip11
Package: url 2013/09/16  ver 3.4  Verb mode for urls, etc.
)
LaTeX Info: Redefining \url on input line 5104.
\XeTeXLinkMargin=\dimen136
\Fld@menulength=\count151
\Field@Width=\dimen137
\Fld@charsize=\dimen138
Package hyperref Info: Hyper figures OFF on input line 6358.
Package hyperref Info: Link nesting OFF on input line 6363.
Package hyperref Info: Hyper index ON on input line 6366.
Package hyperref Info: backreferencing OFF on input line 6373.
Package hyperref Info: Link coloring OFF on input line 6378.
Package hyperref Info: Link coloring with OCG OFF on input line 6383.
Package hyperref Info: PDF/A mode OFF on input line 6388.
LaTeX Info: Redefining \ref on input line 6428.
LaTeX Info: Redefining \pageref on input line 6432.
\Hy@abspage=\count152
\c@Item=\count153
\c@Hfootnote=\count154
)

Package hyperref Message: Driver (autodetected): hpdftex.


(d:/OneDrive/Tools/Environments/texlive/texmf-dist/tex/latex/hyperref/hpdftex.d
ef
File: hpdftex.def 2017/03/14 v6.85a Hyperref driver for pdfTeX
\Fld@listcount=\count155
\c@bookmark@seq@number=\count156

(d:/OneDrive/Tools/Environments/texlive/texmf-dist/tex/latex/oberdiek/rerunfile
check.sty
Package: rerunfilecheck 2016/05/16 v1.8 Rerun checks for auxiliary files (HO)
Package uniquecounter Info: New unique counter `rerunfilecheck' on input line 2
82.
)
\Hy@SectionHShift=\skip52
)
Package hyperref Info: Option `colorlinks' set `true' on input line 54.
 (./face_tracker.aux)
\openout1 = `face_tracker.aux'.

LaTeX Font Info:    Checking defaults for OML/cmm/m/it on input line 56.
LaTeX Font Info:    ... okay on input line 56.
LaTeX Font Info:    Checking defaults for T1/cmr/m/n on input line 56.
LaTeX Font Info:    ... okay on input line 56.
LaTeX Font Info:    Checking defaults for OT1/cmr/m/n on input line 56.
LaTeX Font Info:    ... okay on input line 56.
LaTeX Font Info:    Checking defaults for OMS/cmsy/m/n on input line 56.
LaTeX Font Info:    ... okay on input line 56.
LaTeX Font Info:    Checking defaults for OMX/cmex/m/n on input line 56.
LaTeX Font Info:    ... okay on input line 56.
LaTeX Font Info:    Checking defaults for U/cmr/m/n on input line 56.
LaTeX Font Info:    ... okay on input line 56.
LaTeX Font Info:    Checking defaults for PD1/pdf/m/n on input line 56.
LaTeX Font Info:    ... okay on input line 56.

*geometry* driver: auto-detecting
*geometry* detected driver: pdftex
*geometry* verbose mode - [ preamble ] result:
* driver: pdftex
* paper: <default>
* layout: <same size as paper>
* layoutoffset:(h,v)=(0.0pt,0.0pt)
* modes: 
* h-part:(L,W,R)=(36.135pt, 542.02501pt, 36.135pt)
* v-part:(T,H,B)=(36.135pt, 722.7pt, 36.135pt)
* \paperwidth=614.295pt
* \paperheight=794.96999pt
* \textwidth=542.02501pt
* \textheight=722.7pt
* \oddsidemargin=-36.135pt
* \evensidemargin=-36.135pt
* \topmargin=-73.135pt
* \headheight=12.0pt
* \headsep=25.0pt
* \topskip=10.0pt
* \footskip=30.0pt
* \marginparwidth=65.0pt
* \marginparsep=11.0pt
* \columnsep=10.0pt
* \skip\footins=9.0pt plus 4.0pt minus 2.0pt
* \hoffset=0.0pt
* \voffset=0.0pt
* \mag=1000
* \@twocolumnfalse
* \@twosidefalse
* \@mparswitchfalse
* \@reversemarginfalse
* (1in=72.27pt=25.4mm, 1cm=28.453pt)

\c@lstlisting=\count157

(d:/OneDrive/Tools/Environments/texlive/texmf-dist/tex/context/base/mkii/supp-p
df.mkii
[Loading MPS to PDF converter (version 2006.09.02).]
\scratchcounter=\count158
\scratchdimen=\dimen139
\scratchbox=\box31
\nofMPsegments=\count159
\nofMParguments=\count160
\everyMPshowfont=\toks29
\MPscratchCnt=\count161
\MPscratchDim=\dimen140
\MPnumerator=\count162
\makeMPintoPDFobject=\count163
\everyMPtoPDFconversion=\toks30
)
(d:/OneDrive/Tools/Environments/texlive/texmf-dist/tex/latex/oberdiek/epstopdf-
base.sty
Package: epstopdf-base 2016/05/15 v2.6 Base part for package epstopdf

(d:/OneDrive/Tools/Environments/texlive/texmf-dist/tex/latex/oberdiek/grfext.st
y
Package: grfext 2016/05/16 v1.2 Manage graphics extensions (HO)
)
Package epstopdf-base Info: Redefining graphics rule for `.eps' on input line 4
38.
Package grfext Info: Graphics extension search list:
(grfext)             [.png,.pdf,.jpg,.mps,.jpeg,.jbig2,.jb2,.PNG,.PDF,.JPG,.JPE
G,.JBIG2,.JB2,.eps]
(grfext)             \AppendGraphicsExtensions on input line 456.

(d:/OneDrive/Tools/Environments/texlive/texmf-dist/tex/latex/latexconfig/epstop
df-sys.cfg
File: epstopdf-sys.cfg 2010/07/13 v1.3 Configuration of (r)epstopdf for TeX Liv
e
))
Package caption Info: Begin \AtBeginDocument code.
Package caption Info: subfig package v1.3 is loaded.
Package caption Info: hyperref package is loaded.
Package caption Info: End \AtBeginDocument code.
\AtBeginShipoutBox=\box32
Package hyperref Info: Link coloring ON on input line 56.

(d:/OneDrive/Tools/Environments/texlive/texmf-dist/tex/latex/hyperref/nameref.s
ty
Package: nameref 2016/05/21 v2.44 Cross-referencing by name of section

(d:/OneDrive/Tools/Environments/texlive/texmf-dist/tex/generic/oberdiek/gettitl
estring.sty
Package: gettitlestring 2016/05/16 v1.5 Cleanup title references (HO)
)
\c@section@level=\count164
)
LaTeX Info: Redefining \ref on input line 56.
LaTeX Info: Redefining \pageref on input line 56.
LaTeX Info: Redefining \nameref on input line 56.
 (./face_tracker.out) (./face_tracker.out)
\@outlinefile=\write4
\openout4 = `face_tracker.out'.

 (./face_tracker.toc)
\tf@toc=\write5
\openout5 = `face_tracker.toc'.


[1

{d:/OneDrive/Tools/Environments/texlive/texmf-var/fonts/map/pdftex/updmap/pdfte
x.map}]
Package atveryend Info: Empty hook `BeforeClearDocument' on input line 64.
Package atveryend Info: Empty hook `AfterLastShipout' on input line 64.
 (./face_tracker.aux)
Package atveryend Info: Executing hook `AtVeryEndDocument' on input line 64.
Package atveryend Info: Executing hook `AtEndAfterFileList' on input line 64.
Package rerunfilecheck Info: File `face_tracker.out' has not changed.
(rerunfilecheck)             Checksum: D41D8CD98F00B204E9800998ECF8427E;0.
 ) 
Here is how much of TeX's memory you used:
 10073 strings out of 493013
 153948 string characters out of 6139288
 269414 words of memory out of 5000000
 13490 multiletter control sequences out of 15000+600000
 7954 words of font info for 29 fonts, out of 8000000 for 9000
 1141 hyphenation exceptions out of 8191
 61i,6n,96p,1029b,325s stack positions out of 5000i,500n,10000p,200000b,80000s
<d:/OneDrive/Tools/Environments/texlive/texmf-dist/fonts/type1/public/amsfont
s/cm/cmbx12.pfb><d:/OneDrive/Tools/Environments/texlive/texmf-dist/fonts/type1/
public/amsfonts/cm/cmr10.pfb><d:/OneDrive/Tools/Environments/texlive/texmf-dist
/fonts/type1/public/amsfonts/cm/cmr12.pfb><d:/OneDrive/Tools/Environments/texli
ve/texmf-dist/fonts/type1/public/amsfonts/cm/cmr17.pfb>
Output written on face_tracker.pdf (1 page, 34664 bytes).
PDF statistics:
 30 PDF objects out of 1000 (max. 8388607)
 22 compressed objects within 1 object stream
 3 named destinations out of 1000 (max. 500000)
 1 words of extra memory for PDF output out of 10000 (max. 10000000)

